Started GET "/" for ::1 at 2019-09-18 14:09:23 +0530
  [1m[35m (2.7ms)[0m  [1m[34mSELECT sqlite_version(*)[0m
Processing by Rails::WelcomeController#index as HTML
  Rendering /Users/mohammedsalim_ff/.rvm/gems/ruby-2.6.3/gems/railties-6.0.0/lib/rails/templates/rails/welcome/index.html.erb
  Rendered /Users/mohammedsalim_ff/.rvm/gems/ruby-2.6.3/gems/railties-6.0.0/lib/rails/templates/rails/welcome/index.html.erb (Duration: 18.4ms | Allocations: 481)
Completed 200 OK in 54ms (Views: 34.8ms | ActiveRecord: 0.0ms | Allocations: 2771)


Started GET "/index.html" for ::1 at 2019-09-18 14:33:25 +0530
  [1m[35m (0.1ms)[0m  [1m[34mSELECT sqlite_version(*)[0m
  
ActionController::RoutingError (No route matches [GET] "/index.html"):
  
actionpack (6.0.0) lib/action_dispatch/middleware/debug_exceptions.rb:36:in `call'
web-console (4.0.1) lib/web_console/middleware.rb:132:in `call_app'
web-console (4.0.1) lib/web_console/middleware.rb:28:in `block in call'
web-console (4.0.1) lib/web_console/middleware.rb:17:in `catch'
web-console (4.0.1) lib/web_console/middleware.rb:17:in `call'
actionpack (6.0.0) lib/action_dispatch/middleware/show_exceptions.rb:33:in `call'
railties (6.0.0) lib/rails/rack/logger.rb:38:in `call_app'
railties (6.0.0) lib/rails/rack/logger.rb:26:in `block in call'
activesupport (6.0.0) lib/active_support/tagged_logging.rb:80:in `block in tagged'
activesupport (6.0.0) lib/active_support/tagged_logging.rb:28:in `tagged'
activesupport (6.0.0) lib/active_support/tagged_logging.rb:80:in `tagged'
railties (6.0.0) lib/rails/rack/logger.rb:26:in `call'
sprockets-rails (3.2.1) lib/sprockets/rails/quiet_assets.rb:13:in `call'
actionpack (6.0.0) lib/action_dispatch/middleware/remote_ip.rb:81:in `call'
actionpack (6.0.0) lib/action_dispatch/middleware/request_id.rb:27:in `call'
rack (2.0.7) lib/rack/method_override.rb:22:in `call'
rack (2.0.7) lib/rack/runtime.rb:22:in `call'
activesupport (6.0.0) lib/active_support/cache/strategy/local_cache_middleware.rb:29:in `call'
actionpack (6.0.0) lib/action_dispatch/middleware/executor.rb:14:in `call'
actionpack (6.0.0) lib/action_dispatch/middleware/static.rb:126:in `call'
rack (2.0.7) lib/rack/sendfile.rb:111:in `call'
actionpack (6.0.0) lib/action_dispatch/middleware/host_authorization.rb:83:in `call'
webpacker (4.0.7) lib/webpacker/dev_server_proxy.rb:29:in `perform_request'
rack-proxy (0.6.5) lib/rack/proxy.rb:57:in `call'
railties (6.0.0) lib/rails/engine.rb:526:in `call'
puma (3.12.1) lib/puma/configuration.rb:227:in `call'
puma (3.12.1) lib/puma/server.rb:660:in `handle_request'
puma (3.12.1) lib/puma/server.rb:474:in `process_client'
puma (3.12.1) lib/puma/server.rb:334:in `block in run'
puma (3.12.1) lib/puma/thread_pool.rb:135:in `block in spawn_thread'
Started GET "/rails" for ::1 at 2019-09-18 15:24:05 +0530
  [1m[35m (2.1ms)[0m  [1m[34mSELECT sqlite_version(*)[0m
  
ActionController::RoutingError (No route matches [GET] "/rails"):
  
actionpack (6.0.0) lib/action_dispatch/middleware/debug_exceptions.rb:36:in `call'
web-console (4.0.1) lib/web_console/middleware.rb:132:in `call_app'
web-console (4.0.1) lib/web_console/middleware.rb:28:in `block in call'
web-console (4.0.1) lib/web_console/middleware.rb:17:in `catch'
web-console (4.0.1) lib/web_console/middleware.rb:17:in `call'
actionpack (6.0.0) lib/action_dispatch/middleware/show_exceptions.rb:33:in `call'
railties (6.0.0) lib/rails/rack/logger.rb:38:in `call_app'
railties (6.0.0) lib/rails/rack/logger.rb:26:in `block in call'
activesupport (6.0.0) lib/active_support/tagged_logging.rb:80:in `block in tagged'
activesupport (6.0.0) lib/active_support/tagged_logging.rb:28:in `tagged'
activesupport (6.0.0) lib/active_support/tagged_logging.rb:80:in `tagged'
railties (6.0.0) lib/rails/rack/logger.rb:26:in `call'
sprockets-rails (3.2.1) lib/sprockets/rails/quiet_assets.rb:13:in `call'
actionpack (6.0.0) lib/action_dispatch/middleware/remote_ip.rb:81:in `call'
actionpack (6.0.0) lib/action_dispatch/middleware/request_id.rb:27:in `call'
rack (2.0.7) lib/rack/method_override.rb:22:in `call'
rack (2.0.7) lib/rack/runtime.rb:22:in `call'
activesupport (6.0.0) lib/active_support/cache/strategy/local_cache_middleware.rb:29:in `call'
actionpack (6.0.0) lib/action_dispatch/middleware/executor.rb:14:in `call'
actionpack (6.0.0) lib/action_dispatch/middleware/static.rb:126:in `call'
rack (2.0.7) lib/rack/sendfile.rb:111:in `call'
actionpack (6.0.0) lib/action_dispatch/middleware/host_authorization.rb:83:in `call'
webpacker (4.0.7) lib/webpacker/dev_server_proxy.rb:29:in `perform_request'
rack-proxy (0.6.5) lib/rack/proxy.rb:57:in `call'
railties (6.0.0) lib/rails/engine.rb:526:in `call'
puma (3.12.1) lib/puma/configuration.rb:227:in `call'
puma (3.12.1) lib/puma/server.rb:660:in `handle_request'
puma (3.12.1) lib/puma/server.rb:474:in `process_client'
puma (3.12.1) lib/puma/server.rb:334:in `block in run'
puma (3.12.1) lib/puma/thread_pool.rb:135:in `block in spawn_thread'
Started GET "/test" for ::1 at 2019-09-18 15:40:17 +0530
  [1m[35m (0.7ms)[0m  [1m[34mSELECT sqlite_version(*)[0m
  
ActionController::RoutingError (No route matches [GET] "/test"):
  
actionpack (6.0.0) lib/action_dispatch/middleware/debug_exceptions.rb:36:in `call'
web-console (4.0.1) lib/web_console/middleware.rb:132:in `call_app'
web-console (4.0.1) lib/web_console/middleware.rb:28:in `block in call'
web-console (4.0.1) lib/web_console/middleware.rb:17:in `catch'
web-console (4.0.1) lib/web_console/middleware.rb:17:in `call'
actionpack (6.0.0) lib/action_dispatch/middleware/show_exceptions.rb:33:in `call'
railties (6.0.0) lib/rails/rack/logger.rb:38:in `call_app'
railties (6.0.0) lib/rails/rack/logger.rb:26:in `block in call'
activesupport (6.0.0) lib/active_support/tagged_logging.rb:80:in `block in tagged'
activesupport (6.0.0) lib/active_support/tagged_logging.rb:28:in `tagged'
activesupport (6.0.0) lib/active_support/tagged_logging.rb:80:in `tagged'
railties (6.0.0) lib/rails/rack/logger.rb:26:in `call'
sprockets-rails (3.2.1) lib/sprockets/rails/quiet_assets.rb:13:in `call'
actionpack (6.0.0) lib/action_dispatch/middleware/remote_ip.rb:81:in `call'
actionpack (6.0.0) lib/action_dispatch/middleware/request_id.rb:27:in `call'
rack (2.0.7) lib/rack/method_override.rb:22:in `call'
rack (2.0.7) lib/rack/runtime.rb:22:in `call'
activesupport (6.0.0) lib/active_support/cache/strategy/local_cache_middleware.rb:29:in `call'
actionpack (6.0.0) lib/action_dispatch/middleware/executor.rb:14:in `call'
actionpack (6.0.0) lib/action_dispatch/middleware/static.rb:126:in `call'
rack (2.0.7) lib/rack/sendfile.rb:111:in `call'
actionpack (6.0.0) lib/action_dispatch/middleware/host_authorization.rb:83:in `call'
webpacker (4.0.7) lib/webpacker/dev_server_proxy.rb:29:in `perform_request'
rack-proxy (0.6.5) lib/rack/proxy.rb:57:in `call'
railties (6.0.0) lib/rails/engine.rb:526:in `call'
puma (3.12.1) lib/puma/configuration.rb:227:in `call'
puma (3.12.1) lib/puma/server.rb:660:in `handle_request'
puma (3.12.1) lib/puma/server.rb:474:in `process_client'
puma (3.12.1) lib/puma/server.rb:334:in `block in run'
puma (3.12.1) lib/puma/thread_pool.rb:135:in `block in spawn_thread'
Started GET "/public" for ::1 at 2019-09-18 15:40:23 +0530
  
ActionController::RoutingError (No route matches [GET] "/public"):
  
actionpack (6.0.0) lib/action_dispatch/middleware/debug_exceptions.rb:36:in `call'
web-console (4.0.1) lib/web_console/middleware.rb:132:in `call_app'
web-console (4.0.1) lib/web_console/middleware.rb:28:in `block in call'
web-console (4.0.1) lib/web_console/middleware.rb:17:in `catch'
web-console (4.0.1) lib/web_console/middleware.rb:17:in `call'
actionpack (6.0.0) lib/action_dispatch/middleware/show_exceptions.rb:33:in `call'
railties (6.0.0) lib/rails/rack/logger.rb:38:in `call_app'
railties (6.0.0) lib/rails/rack/logger.rb:26:in `block in call'
activesupport (6.0.0) lib/active_support/tagged_logging.rb:80:in `block in tagged'
activesupport (6.0.0) lib/active_support/tagged_logging.rb:28:in `tagged'
activesupport (6.0.0) lib/active_support/tagged_logging.rb:80:in `tagged'
railties (6.0.0) lib/rails/rack/logger.rb:26:in `call'
sprockets-rails (3.2.1) lib/sprockets/rails/quiet_assets.rb:13:in `call'
actionpack (6.0.0) lib/action_dispatch/middleware/remote_ip.rb:81:in `call'
actionpack (6.0.0) lib/action_dispatch/middleware/request_id.rb:27:in `call'
rack (2.0.7) lib/rack/method_override.rb:22:in `call'
rack (2.0.7) lib/rack/runtime.rb:22:in `call'
activesupport (6.0.0) lib/active_support/cache/strategy/local_cache_middleware.rb:29:in `call'
actionpack (6.0.0) lib/action_dispatch/middleware/executor.rb:14:in `call'
actionpack (6.0.0) lib/action_dispatch/middleware/static.rb:126:in `call'
rack (2.0.7) lib/rack/sendfile.rb:111:in `call'
actionpack (6.0.0) lib/action_dispatch/middleware/host_authorization.rb:83:in `call'
webpacker (4.0.7) lib/webpacker/dev_server_proxy.rb:29:in `perform_request'
rack-proxy (0.6.5) lib/rack/proxy.rb:57:in `call'
railties (6.0.0) lib/rails/engine.rb:526:in `call'
puma (3.12.1) lib/puma/configuration.rb:227:in `call'
puma (3.12.1) lib/puma/server.rb:660:in `handle_request'
puma (3.12.1) lib/puma/server.rb:474:in `process_client'
puma (3.12.1) lib/puma/server.rb:334:in `block in run'
puma (3.12.1) lib/puma/thread_pool.rb:135:in `block in spawn_thread'
  [1m[35m (2.1ms)[0m  [1m[34mSELECT sqlite_version(*)[0m
  [1m[35m (2.6ms)[0m  [1m[35mCREATE TABLE "schema_migrations" ("version" varchar NOT NULL PRIMARY KEY)[0m
  [1m[35m (4.4ms)[0m  [1m[35mCREATE TABLE "ar_internal_metadata" ("key" varchar NOT NULL PRIMARY KEY, "value" varchar, "created_at" datetime(6) NOT NULL, "updated_at" datetime(6) NOT NULL)[0m
  [1m[35m (0.3ms)[0m  [1m[34mSELECT "schema_migrations"."version" FROM "schema_migrations" ORDER BY "schema_migrations"."version" ASC[0m
Migrating to CreatePosts (20190918102410)
  [1m[35m (0.1ms)[0m  [1m[36mbegin transaction[0m
  [1m[35m (1.0ms)[0m  [1m[35mCREATE TABLE "posts" ("id" integer PRIMARY KEY AUTOINCREMENT NOT NULL, "title" varchar, "body" text, "created_at" datetime(6) NOT NULL, "updated_at" datetime(6) NOT NULL)[0m
  [1m[36mprimary::SchemaMigration Create (7.8ms)[0m  [1m[32mINSERT INTO "schema_migrations" ("version") VALUES (?)[0m  [["version", "20190918102410"]]
  [1m[35m (16.4ms)[0m  [1m[36mcommit transaction[0m
  [1m[36mActiveRecord::InternalMetadata Load (0.3ms)[0m  [1m[34mSELECT "ar_internal_metadata".* FROM "ar_internal_metadata" WHERE "ar_internal_metadata"."key" = ? LIMIT ?[0m  [["key", "environment"], ["LIMIT", 1]]
  [1m[35m (0.1ms)[0m  [1m[36mbegin transaction[0m
  [1m[36mActiveRecord::InternalMetadata Create (13.6ms)[0m  [1m[32mINSERT INTO "ar_internal_metadata" ("key", "value", "created_at", "updated_at") VALUES (?, ?, ?, ?)[0m  [["key", "environment"], ["value", "development"], ["created_at", "2019-09-18 10:28:20.884548"], ["updated_at", "2019-09-18 10:28:20.884548"]]
  [1m[35m (14.8ms)[0m  [1m[36mcommit transaction[0m
  [1m[35m (0.1ms)[0m  [1m[34mSELECT sqlite_version(*)[0m
  [1m[35m (0.2ms)[0m  [1m[34mSELECT "schema_migrations"."version" FROM "schema_migrations" ORDER BY "schema_migrations"."version" ASC[0m
Started GET "/posts" for ::1 at 2019-09-18 15:59:42 +0530
  [1m[35m (0.2ms)[0m  [1m[34mSELECT sqlite_version(*)[0m
  [1m[35m (0.2ms)[0m  [1m[34mSELECT "schema_migrations"."version" FROM "schema_migrations" ORDER BY "schema_migrations"."version" ASC[0m
Processing by PostsController#index as HTML
  Rendering posts/index.html.erb within layouts/application
  [1m[36mPost Load (0.3ms)[0m  [1m[34mSELECT "posts".* FROM "posts"[0m
  ↳ app/views/posts/index.html.erb:15
  Rendered posts/index.html.erb within layouts/application (Duration: 5.4ms | Allocations: 1312)
[Webpacker] Compiling…
[Webpacker] Compiled all packs in /Users/mohammedsalim_ff/Documents/ruby/bloggin/public/packs
Completed 200 OK in 7673ms (Views: 7668.7ms | ActiveRecord: 1.1ms | Allocations: 1362387)


Started GET "/layouts" for ::1 at 2019-09-18 16:00:00 +0530
  
ActionController::RoutingError (No route matches [GET] "/layouts"):
  
actionpack (6.0.0) lib/action_dispatch/middleware/debug_exceptions.rb:36:in `call'
web-console (4.0.1) lib/web_console/middleware.rb:132:in `call_app'
web-console (4.0.1) lib/web_console/middleware.rb:28:in `block in call'
web-console (4.0.1) lib/web_console/middleware.rb:17:in `catch'
web-console (4.0.1) lib/web_console/middleware.rb:17:in `call'
actionpack (6.0.0) lib/action_dispatch/middleware/show_exceptions.rb:33:in `call'
railties (6.0.0) lib/rails/rack/logger.rb:38:in `call_app'
railties (6.0.0) lib/rails/rack/logger.rb:26:in `block in call'
activesupport (6.0.0) lib/active_support/tagged_logging.rb:80:in `block in tagged'
activesupport (6.0.0) lib/active_support/tagged_logging.rb:28:in `tagged'
activesupport (6.0.0) lib/active_support/tagged_logging.rb:80:in `tagged'
railties (6.0.0) lib/rails/rack/logger.rb:26:in `call'
sprockets-rails (3.2.1) lib/sprockets/rails/quiet_assets.rb:13:in `call'
actionpack (6.0.0) lib/action_dispatch/middleware/remote_ip.rb:81:in `call'
actionpack (6.0.0) lib/action_dispatch/middleware/request_id.rb:27:in `call'
rack (2.0.7) lib/rack/method_override.rb:22:in `call'
rack (2.0.7) lib/rack/runtime.rb:22:in `call'
activesupport (6.0.0) lib/active_support/cache/strategy/local_cache_middleware.rb:29:in `call'
actionpack (6.0.0) lib/action_dispatch/middleware/executor.rb:14:in `call'
actionpack (6.0.0) lib/action_dispatch/middleware/static.rb:126:in `call'
rack (2.0.7) lib/rack/sendfile.rb:111:in `call'
actionpack (6.0.0) lib/action_dispatch/middleware/host_authorization.rb:83:in `call'
webpacker (4.0.7) lib/webpacker/dev_server_proxy.rb:29:in `perform_request'
rack-proxy (0.6.5) lib/rack/proxy.rb:57:in `call'
railties (6.0.0) lib/rails/engine.rb:526:in `call'
puma (3.12.1) lib/puma/configuration.rb:227:in `call'
puma (3.12.1) lib/puma/server.rb:660:in `handle_request'
puma (3.12.1) lib/puma/server.rb:474:in `process_client'
puma (3.12.1) lib/puma/server.rb:334:in `block in run'
puma (3.12.1) lib/puma/thread_pool.rb:135:in `block in spawn_thread'
Started GET "/posts/new" for ::1 at 2019-09-18 16:00:05 +0530
Processing by PostsController#new as HTML
  Rendering posts/new.html.erb within layouts/application
  Rendered posts/_form.html.erb (Duration: 59.4ms | Allocations: 5026)
  Rendered posts/new.html.erb within layouts/application (Duration: 61.0ms | Allocations: 5372)
Completed 200 OK in 91ms (Views: 73.0ms | ActiveRecord: 0.8ms | Allocations: 14378)


Started POST "/posts" for ::1 at 2019-09-18 16:16:17 +0530
  [1m[35m (0.1ms)[0m  [1m[34mSELECT sqlite_version(*)[0m
Processing by PostsController#create as HTML
  Parameters: {"authenticity_token"=>"V453ZqirTSgsQQjZtqcntrh8onxvKCTf9/cJ4o0c7zRHpOjXT1PuIkUxWrfog7db8WhSMkSRlDvjdqn4f5Xtxg==", "post"=>{"title"=>"hello world", "body"=>"sone dummy content"}, "commit"=>"Create Post"}
  [1m[35m (0.1ms)[0m  [1m[36mbegin transaction[0m
  ↳ app/controllers/posts_controller.rb:30:in `block in create'
  [1m[36mPost Create (0.7ms)[0m  [1m[32mINSERT INTO "posts" ("title", "body", "created_at", "updated_at") VALUES (?, ?, ?, ?)[0m  [["title", "hello world"], ["body", "sone dummy content"], ["created_at", "2019-09-18 10:46:17.296931"], ["updated_at", "2019-09-18 10:46:17.296931"]]
  ↳ app/controllers/posts_controller.rb:30:in `block in create'
  [1m[35m (1.6ms)[0m  [1m[36mcommit transaction[0m
  ↳ app/controllers/posts_controller.rb:30:in `block in create'
Redirected to http://localhost:3000/posts/1
Completed 302 Found in 10ms (ActiveRecord: 2.4ms | Allocations: 2745)


Started GET "/posts/1" for ::1 at 2019-09-18 16:16:17 +0530
Processing by PostsController#show as HTML
  Parameters: {"id"=>"1"}
  [1m[36mPost Load (0.3ms)[0m  [1m[34mSELECT "posts".* FROM "posts" WHERE "posts"."id" = ? LIMIT ?[0m  [["id", 1], ["LIMIT", 1]]
  ↳ app/controllers/posts_controller.rb:67:in `set_post'
  Rendering posts/show.html.erb within layouts/application
  Rendered posts/show.html.erb within layouts/application (Duration: 1.4ms | Allocations: 277)
Completed 200 OK in 25ms (Views: 18.5ms | ActiveRecord: 0.3ms | Allocations: 7150)


Started GET "/posts/1/edit" for ::1 at 2019-09-18 16:16:44 +0530
Processing by PostsController#edit as HTML
  Parameters: {"id"=>"1"}
  [1m[36mPost Load (0.2ms)[0m  [1m[34mSELECT "posts".* FROM "posts" WHERE "posts"."id" = ? LIMIT ?[0m  [["id", 1], ["LIMIT", 1]]
  ↳ app/controllers/posts_controller.rb:67:in `set_post'
  Rendering posts/edit.html.erb within layouts/application
  Rendered posts/_form.html.erb (Duration: 7.0ms | Allocations: 776)
  Rendered posts/edit.html.erb within layouts/application (Duration: 9.1ms | Allocations: 1028)
Completed 200 OK in 42ms (Views: 38.7ms | ActiveRecord: 0.2ms | Allocations: 7464)


Started GET "/posts" for ::1 at 2019-09-18 16:16:45 +0530
Processing by PostsController#index as HTML
  Rendering posts/index.html.erb within layouts/application
  [1m[36mPost Load (0.4ms)[0m  [1m[34mSELECT "posts".* FROM "posts"[0m
  ↳ app/views/posts/index.html.erb:15
  Rendered posts/index.html.erb within layouts/application (Duration: 4.2ms | Allocations: 756)
Completed 200 OK in 31ms (Views: 29.5ms | ActiveRecord: 0.4ms | Allocations: 6546)


Started GET "/posts/new" for ::1 at 2019-09-18 16:31:35 +0530
  [1m[35m (0.1ms)[0m  [1m[34mSELECT sqlite_version(*)[0m
Processing by PostsController#new as HTML
Completed 500 Internal Server Error in 51ms (ActiveRecord: 0.0ms | Allocations: 4241)


  
NoMethodError (undefined method `validate_presence_of' for #<Class:0x00007fce4b5f2370>
Did you mean?  validates_presence_of
               validates_absence_of):
  
app/models/post.rb:2:in `<class:Post>'
app/models/post.rb:1:in `<main>'
app/controllers/posts_controller.rb:17:in `new'
Started GET "/posts" for ::1 at 2019-09-18 16:31:40 +0530
Processing by PostsController#index as HTML
  Rendering posts/index.html.erb within layouts/application
  [1m[36mPost Load (0.2ms)[0m  [1m[34mSELECT "posts".* FROM "posts"[0m
  ↳ app/views/posts/index.html.erb:15
  Rendered posts/index.html.erb within layouts/application (Duration: 22.2ms | Allocations: 3508)
Completed 200 OK in 40ms (Views: 37.8ms | ActiveRecord: 0.2ms | Allocations: 9475)


Started GET "/posts/new" for ::1 at 2019-09-18 16:31:42 +0530
Processing by PostsController#new as HTML
  Rendering posts/new.html.erb within layouts/application
  Rendered posts/_form.html.erb (Duration: 3.8ms | Allocations: 715)
  Rendered posts/new.html.erb within layouts/application (Duration: 4.3ms | Allocations: 801)
Completed 200 OK in 30ms (Views: 28.8ms | ActiveRecord: 0.0ms | Allocations: 6604)


Started GET "/posts/new" for ::1 at 2019-09-18 16:31:45 +0530
Processing by PostsController#new as HTML
  Rendering posts/new.html.erb within layouts/application
  Rendered posts/_form.html.erb (Duration: 1.9ms | Allocations: 710)
  Rendered posts/new.html.erb within layouts/application (Duration: 2.2ms | Allocations: 795)
Completed 200 OK in 37ms (Views: 36.1ms | ActiveRecord: 0.0ms | Allocations: 6592)


Started POST "/posts" for ::1 at 2019-09-18 16:31:50 +0530
Processing by PostsController#create as HTML
  Parameters: {"authenticity_token"=>"uxkfCW6j5O+PFBJXKdqGkFCyxL8LRAxAyp2ujiuoq4+rM4C4iVtH5eZkQDl3/hZ9GaY08SD9vKTeHA6U2SGpfQ==", "post"=>{"title"=>"", "body"=>""}, "commit"=>"Create Post"}
  [1m[35m (0.1ms)[0m  [1m[36mbegin transaction[0m
  ↳ app/controllers/posts_controller.rb:30:in `block in create'
  [1m[36mPost Create (0.7ms)[0m  [1m[32mINSERT INTO "posts" ("title", "body", "created_at", "updated_at") VALUES (?, ?, ?, ?)[0m  [["title", ""], ["body", ""], ["created_at", "2019-09-18 11:01:50.321675"], ["updated_at", "2019-09-18 11:01:50.321675"]]
  ↳ app/controllers/posts_controller.rb:30:in `block in create'
  [1m[35m (2.0ms)[0m  [1m[36mcommit transaction[0m
  ↳ app/controllers/posts_controller.rb:30:in `block in create'
Redirected to http://localhost:3000/posts/2
Completed 302 Found in 13ms (ActiveRecord: 2.8ms | Allocations: 2541)


Started GET "/posts/2" for ::1 at 2019-09-18 16:31:50 +0530
Processing by PostsController#show as HTML
  Parameters: {"id"=>"2"}
  [1m[36mPost Load (0.2ms)[0m  [1m[34mSELECT "posts".* FROM "posts" WHERE "posts"."id" = ? LIMIT ?[0m  [["id", 2], ["LIMIT", 1]]
  ↳ app/controllers/posts_controller.rb:67:in `set_post'
  Rendering posts/show.html.erb within layouts/application
  Rendered posts/show.html.erb within layouts/application (Duration: 0.3ms | Allocations: 94)
Completed 200 OK in 14ms (Views: 11.7ms | ActiveRecord: 0.2ms | Allocations: 6505)


Started GET "/posts/2/edit" for ::1 at 2019-09-18 16:31:52 +0530
Processing by PostsController#edit as HTML
  Parameters: {"id"=>"2"}
  [1m[36mPost Load (0.2ms)[0m  [1m[34mSELECT "posts".* FROM "posts" WHERE "posts"."id" = ? LIMIT ?[0m  [["id", 2], ["LIMIT", 1]]
  ↳ app/controllers/posts_controller.rb:67:in `set_post'
  Rendering posts/edit.html.erb within layouts/application
  Rendered posts/_form.html.erb (Duration: 2.1ms | Allocations: 745)
  Rendered posts/edit.html.erb within layouts/application (Duration: 2.6ms | Allocations: 859)
Completed 200 OK in 33ms (Views: 28.2ms | ActiveRecord: 0.2ms | Allocations: 7145)


Started GET "/posts" for ::1 at 2019-09-18 16:31:58 +0530
Processing by PostsController#index as HTML
  Rendering posts/index.html.erb within layouts/application
  [1m[36mPost Load (0.1ms)[0m  [1m[34mSELECT "posts".* FROM "posts"[0m
  ↳ app/views/posts/index.html.erb:15
  Rendered posts/index.html.erb within layouts/application (Duration: 2.3ms | Allocations: 855)
Completed 200 OK in 40ms (Views: 37.6ms | ActiveRecord: 0.1ms | Allocations: 6643)


Started DELETE "/posts/2" for ::1 at 2019-09-18 16:32:00 +0530
Processing by PostsController#destroy as HTML
  Parameters: {"authenticity_token"=>"coHpljYBVYsSx9RG5tigmC66VOEPEnqWI/ybaa+5Q+qxB/kqCp6A9zdE9Nm7vno9paMY7djSvmH0i6MvB3nA1A==", "id"=>"2"}
  [1m[36mPost Load (0.2ms)[0m  [1m[34mSELECT "posts".* FROM "posts" WHERE "posts"."id" = ? LIMIT ?[0m  [["id", 2], ["LIMIT", 1]]
  ↳ app/controllers/posts_controller.rb:67:in `set_post'
  [1m[35m (0.1ms)[0m  [1m[36mbegin transaction[0m
  ↳ app/controllers/posts_controller.rb:57:in `destroy'
  [1m[36mPost Destroy (0.5ms)[0m  [1m[31mDELETE FROM "posts" WHERE "posts"."id" = ?[0m  [["id", 2]]
  ↳ app/controllers/posts_controller.rb:57:in `destroy'
  [1m[35m (1.7ms)[0m  [1m[36mcommit transaction[0m
  ↳ app/controllers/posts_controller.rb:57:in `destroy'
Redirected to http://localhost:3000/posts
Completed 302 Found in 8ms (ActiveRecord: 2.5ms | Allocations: 2597)


Started GET "/posts" for ::1 at 2019-09-18 16:32:00 +0530
Processing by PostsController#index as HTML
  Rendering posts/index.html.erb within layouts/application
  [1m[36mPost Load (0.3ms)[0m  [1m[34mSELECT "posts".* FROM "posts"[0m
  ↳ app/views/posts/index.html.erb:15
  Rendered posts/index.html.erb within layouts/application (Duration: 3.0ms | Allocations: 736)
Completed 200 OK in 15ms (Views: 13.5ms | ActiveRecord: 0.3ms | Allocations: 6538)


Started GET "/posts/new" for ::1 at 2019-09-18 16:32:02 +0530
Processing by PostsController#new as HTML
  Rendering posts/new.html.erb within layouts/application
  Rendered posts/_form.html.erb (Duration: 2.7ms | Allocations: 710)
  Rendered posts/new.html.erb within layouts/application (Duration: 3.1ms | Allocations: 795)
Completed 200 OK in 73ms (Views: 70.8ms | ActiveRecord: 0.0ms | Allocations: 6598)


Started POST "/posts" for ::1 at 2019-09-18 16:32:06 +0530
Processing by PostsController#create as HTML
  Parameters: {"authenticity_token"=>"ca3+cL5QRLKEWUvlap5PKkkrTfJQ5fVAPyumxj0xrkRhh2HBWajnuO0pGYs0ut/HAD+9vHtcRaQrqgbcz7istg==", "post"=>{"title"=>"", "body"=>"fas"}, "commit"=>"Create Post"}
  [1m[35m (0.1ms)[0m  [1m[36mbegin transaction[0m
  ↳ app/controllers/posts_controller.rb:30:in `block in create'
  [1m[36mPost Create (0.9ms)[0m  [1m[32mINSERT INTO "posts" ("title", "body", "created_at", "updated_at") VALUES (?, ?, ?, ?)[0m  [["title", ""], ["body", "fas"], ["created_at", "2019-09-18 11:02:06.047986"], ["updated_at", "2019-09-18 11:02:06.047986"]]
  ↳ app/controllers/posts_controller.rb:30:in `block in create'
  [1m[35m (2.5ms)[0m  [1m[36mcommit transaction[0m
  ↳ app/controllers/posts_controller.rb:30:in `block in create'
Redirected to http://localhost:3000/posts/3
Completed 302 Found in 15ms (ActiveRecord: 3.5ms | Allocations: 3147)


Started GET "/posts/3" for ::1 at 2019-09-18 16:32:06 +0530
Processing by PostsController#show as HTML
  Parameters: {"id"=>"3"}
  [1m[36mPost Load (0.2ms)[0m  [1m[34mSELECT "posts".* FROM "posts" WHERE "posts"."id" = ? LIMIT ?[0m  [["id", 3], ["LIMIT", 1]]
  ↳ app/controllers/posts_controller.rb:67:in `set_post'
  Rendering posts/show.html.erb within layouts/application
  Rendered posts/show.html.erb within layouts/application (Duration: 0.4ms | Allocations: 94)
Completed 200 OK in 11ms (Views: 8.3ms | ActiveRecord: 0.2ms | Allocations: 6401)


Started GET "/posts/3/edit" for ::1 at 2019-09-18 16:32:08 +0530
Processing by PostsController#edit as HTML
  Parameters: {"id"=>"3"}
  [1m[36mPost Load (0.5ms)[0m  [1m[34mSELECT "posts".* FROM "posts" WHERE "posts"."id" = ? LIMIT ?[0m  [["id", 3], ["LIMIT", 1]]
  ↳ app/controllers/posts_controller.rb:67:in `set_post'
  Rendering posts/edit.html.erb within layouts/application
  Rendered posts/_form.html.erb (Duration: 3.4ms | Allocations: 746)
  Rendered posts/edit.html.erb within layouts/application (Duration: 4.1ms | Allocations: 860)
Completed 200 OK in 41ms (Views: 36.9ms | ActiveRecord: 0.5ms | Allocations: 7142)


Started PATCH "/posts/3" for ::1 at 2019-09-18 16:32:10 +0530
Processing by PostsController#update as HTML
  Parameters: {"authenticity_token"=>"t5YhpMHTFNVgIxzhukZiMsXTLd26JYeWtrFoIPctY+K1aYgTjPTU/5ph58cpphXmPekORB/b2bs2iQvCm+woBQ==", "post"=>{"title"=>"fsa", "body"=>"fas"}, "commit"=>"Update Post", "id"=>"3"}
  [1m[36mPost Load (0.3ms)[0m  [1m[34mSELECT "posts".* FROM "posts" WHERE "posts"."id" = ? LIMIT ?[0m  [["id", 3], ["LIMIT", 1]]
  ↳ app/controllers/posts_controller.rb:67:in `set_post'
  [1m[35m (0.1ms)[0m  [1m[36mbegin transaction[0m
  ↳ app/controllers/posts_controller.rb:44:in `block in update'
  [1m[36mPost Update (2.1ms)[0m  [1m[33mUPDATE "posts" SET "title" = ?, "updated_at" = ? WHERE "posts"."id" = ?[0m  [["title", "fsa"], ["updated_at", "2019-09-18 11:02:10.781357"], ["id", 3]]
  ↳ app/controllers/posts_controller.rb:44:in `block in update'
  [1m[35m (3.5ms)[0m  [1m[36mcommit transaction[0m
  ↳ app/controllers/posts_controller.rb:44:in `block in update'
Redirected to http://localhost:3000/posts/3
Completed 302 Found in 17ms (ActiveRecord: 6.0ms | Allocations: 3147)


Started GET "/posts/3" for ::1 at 2019-09-18 16:32:10 +0530
Processing by PostsController#show as HTML
  Parameters: {"id"=>"3"}
  [1m[36mPost Load (0.2ms)[0m  [1m[34mSELECT "posts".* FROM "posts" WHERE "posts"."id" = ? LIMIT ?[0m  [["id", 3], ["LIMIT", 1]]
  ↳ app/controllers/posts_controller.rb:67:in `set_post'
  Rendering posts/show.html.erb within layouts/application
  Rendered posts/show.html.erb within layouts/application (Duration: 0.3ms | Allocations: 94)
Completed 200 OK in 13ms (Views: 10.9ms | ActiveRecord: 0.2ms | Allocations: 6387)


Started GET "/posts" for ::1 at 2019-09-18 16:32:13 +0530
Processing by PostsController#index as HTML
  Rendering posts/index.html.erb within layouts/application
  [1m[36mPost Load (0.2ms)[0m  [1m[34mSELECT "posts".* FROM "posts"[0m
  ↳ app/views/posts/index.html.erb:15
  Rendered posts/index.html.erb within layouts/application (Duration: 3.2ms | Allocations: 855)
Completed 200 OK in 26ms (Views: 24.6ms | ActiveRecord: 0.2ms | Allocations: 6643)


Started DELETE "/posts/3" for ::1 at 2019-09-18 16:32:35 +0530
  [1m[35m (0.1ms)[0m  [1m[34mSELECT sqlite_version(*)[0m
Processing by PostsController#destroy as HTML
  Parameters: {"authenticity_token"=>"jrJks2t912MCktTnukH8cudVGNsZLgCEqwPCN7raExRNNHQPV+ICHycR9HjnJybXbExU187uxHN8dPpxEhqQKg==", "id"=>"3"}
  [1m[36mPost Load (0.2ms)[0m  [1m[34mSELECT "posts".* FROM "posts" WHERE "posts"."id" = ? LIMIT ?[0m  [["id", 3], ["LIMIT", 1]]
  ↳ app/controllers/posts_controller.rb:67:in `set_post'
  [1m[35m (0.1ms)[0m  [1m[36mbegin transaction[0m
  ↳ app/controllers/posts_controller.rb:57:in `destroy'
  [1m[36mPost Destroy (0.4ms)[0m  [1m[31mDELETE FROM "posts" WHERE "posts"."id" = ?[0m  [["id", 3]]
  ↳ app/controllers/posts_controller.rb:57:in `destroy'
  [1m[35m (2.1ms)[0m  [1m[36mcommit transaction[0m
  ↳ app/controllers/posts_controller.rb:57:in `destroy'
Redirected to http://localhost:3000/posts
Completed 302 Found in 16ms (ActiveRecord: 3.5ms | Allocations: 6448)


Started GET "/posts" for ::1 at 2019-09-18 16:32:35 +0530
Processing by PostsController#index as HTML
  Rendering posts/index.html.erb within layouts/application
  [1m[36mPost Load (0.3ms)[0m  [1m[34mSELECT "posts".* FROM "posts"[0m
  ↳ app/views/posts/index.html.erb:15
  Rendered posts/index.html.erb within layouts/application (Duration: 2.1ms | Allocations: 815)
Completed 200 OK in 16ms (Views: 14.6ms | ActiveRecord: 0.3ms | Allocations: 6782)


Started GET "/posts/new" for ::1 at 2019-09-18 16:32:36 +0530
Processing by PostsController#new as HTML
  Rendering posts/new.html.erb within layouts/application
  Rendered posts/_form.html.erb (Duration: 2.9ms | Allocations: 715)
  Rendered posts/new.html.erb within layouts/application (Duration: 3.7ms | Allocations: 800)
Completed 200 OK in 33ms (Views: 31.0ms | ActiveRecord: 0.0ms | Allocations: 6592)


Started POST "/posts" for ::1 at 2019-09-18 16:32:38 +0530
Processing by PostsController#create as HTML
  Parameters: {"authenticity_token"=>"SSROHTWDi8wVYhRN3yBmnxXpemIgOiBqrutHmKCeAqFZDtGs0nsoxnwSRiOBBPZyXP2KLAuDkI66aueCUhcAUw==", "post"=>{"title"=>"", "body"=>""}, "commit"=>"Create Post"}
  Rendering posts/new.html.erb within layouts/application
  Rendered posts/_form.html.erb (Duration: 2.7ms | Allocations: 866)
  Rendered posts/new.html.erb within layouts/application (Duration: 3.8ms | Allocations: 951)
Completed 200 OK in 25ms (Views: 21.0ms | ActiveRecord: 0.0ms | Allocations: 7659)


Started GET "/posts" for ::1 at 2019-09-18 16:37:44 +0530
Processing by PostsController#index as HTML
  Rendering posts/index.html.erb within layouts/application
  [1m[36mPost Load (0.2ms)[0m  [1m[34mSELECT "posts".* FROM "posts"[0m
  ↳ app/views/posts/index.html.erb:15
  Rendered posts/index.html.erb within layouts/application (Duration: 3.3ms | Allocations: 1002)
Completed 200 OK in 26ms (Views: 23.4ms | ActiveRecord: 0.2ms | Allocations: 7726)


Started GET "/posts/1/edit" for ::1 at 2019-09-18 16:37:46 +0530
Processing by PostsController#edit as HTML
  Parameters: {"id"=>"1"}
  [1m[36mPost Load (0.2ms)[0m  [1m[34mSELECT "posts".* FROM "posts" WHERE "posts"."id" = ? LIMIT ?[0m  [["id", 1], ["LIMIT", 1]]
  ↳ app/controllers/posts_controller.rb:67:in `set_post'
  Rendering posts/edit.html.erb within layouts/application
  Rendered posts/_form.html.erb (Duration: 10.3ms | Allocations: 1220)
  Rendered posts/edit.html.erb within layouts/application (Duration: 12.6ms | Allocations: 1609)
Completed 200 OK in 44ms (Views: 41.2ms | ActiveRecord: 0.2ms | Allocations: 8031)


Started GET "/posts" for ::1 at 2019-09-18 16:37:47 +0530
Processing by PostsController#index as HTML
  Rendering posts/index.html.erb within layouts/application
  [1m[36mPost Load (0.2ms)[0m  [1m[34mSELECT "posts".* FROM "posts"[0m
  ↳ app/views/posts/index.html.erb:15
  Rendered posts/index.html.erb within layouts/application (Duration: 3.0ms | Allocations: 737)
Completed 200 OK in 44ms (Views: 41.7ms | ActiveRecord: 0.2ms | Allocations: 6525)


Started GET "/posts/1/edit" for ::1 at 2019-09-18 16:37:49 +0530
Processing by PostsController#edit as HTML
  Parameters: {"id"=>"1"}
  [1m[36mPost Load (0.5ms)[0m  [1m[34mSELECT "posts".* FROM "posts" WHERE "posts"."id" = ? LIMIT ?[0m  [["id", 1], ["LIMIT", 1]]
  ↳ app/controllers/posts_controller.rb:67:in `set_post'
  Rendering posts/edit.html.erb within layouts/application
  Rendered posts/_form.html.erb (Duration: 2.5ms | Allocations: 745)
  Rendered posts/edit.html.erb within layouts/application (Duration: 3.0ms | Allocations: 859)
Completed 200 OK in 39ms (Views: 34.4ms | ActiveRecord: 0.5ms | Allocations: 7141)


Started GET "/posts/1/edit" for ::1 at 2019-09-18 16:38:33 +0530
Processing by PostsController#edit as HTML
  Parameters: {"id"=>"1"}
  [1m[36mPost Load (0.2ms)[0m  [1m[34mSELECT "posts".* FROM "posts" WHERE "posts"."id" = ? LIMIT ?[0m  [["id", 1], ["LIMIT", 1]]
  ↳ app/controllers/posts_controller.rb:67:in `set_post'
  Rendering posts/edit.html.erb within layouts/application
  Rendered posts/_form.html.erb (Duration: 2.2ms | Allocations: 1081)
  Rendered posts/edit.html.erb within layouts/application (Duration: 3.5ms | Allocations: 1475)
Completed 200 OK in 21ms (Views: 17.2ms | ActiveRecord: 0.2ms | Allocations: 8701)


Started GET "/posts" for ::1 at 2019-09-18 16:38:36 +0530
Processing by PostsController#index as HTML
  Rendering posts/index.html.erb within layouts/application
  [1m[36mPost Load (0.2ms)[0m  [1m[34mSELECT "posts".* FROM "posts"[0m
  ↳ app/views/posts/index.html.erb:15
  Rendered posts/index.html.erb within layouts/application (Duration: 2.9ms | Allocations: 1000)
Completed 200 OK in 40ms (Views: 38.1ms | ActiveRecord: 0.2ms | Allocations: 6928)


Started GET "/posts/new" for ::1 at 2019-09-18 16:38:37 +0530
Processing by PostsController#new as HTML
  Rendering posts/new.html.erb within layouts/application
  Rendered posts/_form.html.erb (Duration: 2.4ms | Allocations: 723)
  Rendered posts/new.html.erb within layouts/application (Duration: 3.5ms | Allocations: 925)
Completed 200 OK in 40ms (Views: 38.4ms | ActiveRecord: 0.0ms | Allocations: 6859)


Started GET "/posts" for ::1 at 2019-09-18 16:38:39 +0530
Processing by PostsController#index as HTML
  Rendering posts/index.html.erb within layouts/application
  [1m[36mPost Load (0.1ms)[0m  [1m[34mSELECT "posts".* FROM "posts"[0m
  ↳ app/views/posts/index.html.erb:15
  Rendered posts/index.html.erb within layouts/application (Duration: 1.5ms | Allocations: 739)
Completed 200 OK in 47ms (Views: 45.8ms | ActiveRecord: 0.1ms | Allocations: 6524)


Started GET "/posts/1/edit" for ::1 at 2019-09-18 16:38:40 +0530
Processing by PostsController#edit as HTML
  Parameters: {"id"=>"1"}
  [1m[36mPost Load (0.2ms)[0m  [1m[34mSELECT "posts".* FROM "posts" WHERE "posts"."id" = ? LIMIT ?[0m  [["id", 1], ["LIMIT", 1]]
  ↳ app/controllers/posts_controller.rb:67:in `set_post'
  Rendering posts/edit.html.erb within layouts/application
  Rendered posts/_form.html.erb (Duration: 2.3ms | Allocations: 746)
  Rendered posts/edit.html.erb within layouts/application (Duration: 2.9ms | Allocations: 860)
Completed 200 OK in 34ms (Views: 31.0ms | ActiveRecord: 0.2ms | Allocations: 7146)


Started GET "/posts/1/edit" for ::1 at 2019-09-18 16:38:46 +0530
Processing by PostsController#edit as HTML
  Parameters: {"id"=>"1"}
  [1m[36mPost Load (0.2ms)[0m  [1m[34mSELECT "posts".* FROM "posts" WHERE "posts"."id" = ? LIMIT ?[0m  [["id", 1], ["LIMIT", 1]]
  ↳ app/controllers/posts_controller.rb:67:in `set_post'
  Rendering posts/edit.html.erb within layouts/application
  Rendered posts/_form.html.erb (Duration: 2.5ms | Allocations: 1077)
  Rendered posts/edit.html.erb within layouts/application (Duration: 15.4ms | Allocations: 1465)
Completed 200 OK in 52ms (Views: 48.3ms | ActiveRecord: 0.2ms | Allocations: 8677)


Started GET "/posts/1/edit" for ::1 at 2019-09-18 16:38:50 +0530
Processing by PostsController#edit as HTML
  Parameters: {"id"=>"1"}
  [1m[36mPost Load (0.3ms)[0m  [1m[34mSELECT "posts".* FROM "posts" WHERE "posts"."id" = ? LIMIT ?[0m  [["id", 1], ["LIMIT", 1]]
  ↳ app/controllers/posts_controller.rb:67:in `set_post'
  Rendering posts/edit.html.erb within layouts/application
  Rendered posts/_form.html.erb (Duration: 4.2ms | Allocations: 1078)
  Rendered posts/edit.html.erb within layouts/application (Duration: 6.6ms | Allocations: 1466)
Completed 200 OK in 67ms (Views: 63.6ms | ActiveRecord: 0.3ms | Allocations: 8682)


Started GET "/posts" for ::1 at 2019-09-18 16:38:51 +0530
Processing by PostsController#index as HTML
  Rendering posts/index.html.erb within layouts/application
  [1m[36mPost Load (1.0ms)[0m  [1m[34mSELECT "posts".* FROM "posts"[0m
  ↳ app/views/posts/index.html.erb:15
  Rendered posts/index.html.erb within layouts/application (Duration: 5.1ms | Allocations: 999)
Completed 200 OK in 32ms (Views: 29.7ms | ActiveRecord: 1.0ms | Allocations: 6931)


  [1m[35m (1.7ms)[0m  [1m[34mSELECT sqlite_version(*)[0m
  [1m[36mPost Load (0.2ms)[0m  [1m[34mSELECT "posts".* FROM "posts" ORDER BY "posts"."id" ASC LIMIT ?[0m  [["LIMIT", 1]]
  [1m[36mPost Load (0.3ms)[0m  [1m[34mSELECT "posts".* FROM "posts" LIMIT ?[0m  [["LIMIT", 11]]
  [1m[35m (0.2ms)[0m  [1m[36mbegin transaction[0m
  [1m[36mPost Create (1.3ms)[0m  [1m[32mINSERT INTO "posts" ("title", "body", "created_at", "updated_at") VALUES (?, ?, ?, ?)[0m  [["title", "Something new"], ["body", "Quite interesting"], ["created_at", "2019-09-18 11:12:40.982877"], ["updated_at", "2019-09-18 11:12:40.982877"]]
  [1m[35m (2.1ms)[0m  [1m[36mcommit transaction[0m
  [1m[36mPost Load (0.4ms)[0m  [1m[34mSELECT "posts".* FROM "posts" LIMIT ?[0m  [["LIMIT", 11]]
Started GET "/posts" for ::1 at 2019-09-18 16:43:04 +0530
Processing by PostsController#index as HTML
  Rendering posts/index.html.erb within layouts/application
  [1m[36mPost Load (0.2ms)[0m  [1m[34mSELECT "posts".* FROM "posts"[0m
  ↳ app/views/posts/index.html.erb:15
  Rendered posts/index.html.erb within layouts/application (Duration: 2.5ms | Allocations: 855)
Completed 200 OK in 14ms (Views: 12.0ms | ActiveRecord: 0.2ms | Allocations: 6640)


  [1m[35m (0.5ms)[0m  [1m[34mSELECT sqlite_version(*)[0m
  [1m[35m (0.2ms)[0m  [1m[34mSELECT "schema_migrations"."version" FROM "schema_migrations" ORDER BY "schema_migrations"."version" ASC[0m
Migrating to CreateComments (20190918111355)
  [1m[35m (0.1ms)[0m  [1m[36mbegin transaction[0m
  [1m[35m (0.5ms)[0m  [1m[35mCREATE TABLE "comments" ("id" integer PRIMARY KEY AUTOINCREMENT NOT NULL, "post_id" integer NOT NULL, "body" text, "created_at" datetime(6) NOT NULL, "updated_at" datetime(6) NOT NULL, CONSTRAINT "fk_rails_2fd19c0db7"
FOREIGN KEY ("post_id")
  REFERENCES "posts" ("id")
)[0m
  [1m[35m (0.2ms)[0m  [1m[35mCREATE  INDEX "index_comments_on_post_id" ON "comments" ("post_id")[0m
  [1m[36mprimary::SchemaMigration Create (0.2ms)[0m  [1m[32mINSERT INTO "schema_migrations" ("version") VALUES (?)[0m  [["version", "20190918111355"]]
  [1m[35m (1.5ms)[0m  [1m[36mcommit transaction[0m
  [1m[36mActiveRecord::InternalMetadata Load (0.3ms)[0m  [1m[34mSELECT "ar_internal_metadata".* FROM "ar_internal_metadata" WHERE "ar_internal_metadata"."key" = ? LIMIT ?[0m  [["key", "environment"], ["LIMIT", 1]]
  [1m[35m (0.1ms)[0m  [1m[34mSELECT sqlite_version(*)[0m
  [1m[35m (0.1ms)[0m  [1m[34mSELECT "schema_migrations"."version" FROM "schema_migrations" ORDER BY "schema_migrations"."version" ASC[0m
  [1m[35m (0.5ms)[0m  [1m[34mSELECT sqlite_version(*)[0m
  [1m[36mPost Load (0.2ms)[0m  [1m[34mSELECT "posts".* FROM "posts" ORDER BY "posts"."id" ASC LIMIT ?[0m  [["LIMIT", 1]]
  [1m[36mPost Load (0.4ms)[0m  [1m[34mSELECT "posts".* FROM "posts" ORDER BY "posts"."id" ASC LIMIT ?[0m  [["LIMIT", 1]]
  [1m[36mComment Load (0.2ms)[0m  [1m[34mSELECT "comments".* FROM "comments" WHERE "comments"."post_id" = ? LIMIT ?[0m  [["post_id", 1], ["LIMIT", 11]]
  [1m[36mPost Load (0.3ms)[0m  [1m[34mSELECT "posts".* FROM "posts" ORDER BY "posts"."id" ASC LIMIT ?[0m  [["LIMIT", 1]]
  [1m[35m (0.1ms)[0m  [1m[36mbegin transaction[0m
  [1m[36mComment Create (0.6ms)[0m  [1m[32mINSERT INTO "comments" ("post_id", "body", "created_at", "updated_at") VALUES (?, ?, ?, ?)[0m  [["post_id", 1], ["body", "A dummy comment on a fake post!!!"], ["created_at", "2019-09-18 11:38:42.479537"], ["updated_at", "2019-09-18 11:38:42.479537"]]
  [1m[35m (1.9ms)[0m  [1m[36mcommit transaction[0m
  [1m[36mPost Load (0.2ms)[0m  [1m[34mSELECT "posts".* FROM "posts" LIMIT ?[0m  [["LIMIT", 11]]
Started GET "/posts" for ::1 at 2019-09-18 17:09:40 +0530
  [1m[35m (0.1ms)[0m  [1m[34mSELECT sqlite_version(*)[0m
  [1m[35m (0.1ms)[0m  [1m[34mSELECT "schema_migrations"."version" FROM "schema_migrations" ORDER BY "schema_migrations"."version" ASC[0m
Processing by PostsController#index as HTML
  Rendering posts/index.html.erb within layouts/application
  [1m[36mPost Load (0.2ms)[0m  [1m[34mSELECT "posts".* FROM "posts"[0m
  ↳ app/views/posts/index.html.erb:15
  Rendered posts/index.html.erb within layouts/application (Duration: 5.7ms | Allocations: 3810)
Completed 200 OK in 37ms (Views: 33.6ms | ActiveRecord: 0.2ms | Allocations: 15428)


Started GET "/posts/1/edit" for ::1 at 2019-09-18 17:09:42 +0530
Processing by PostsController#edit as HTML
  Parameters: {"id"=>"1"}
  [1m[36mPost Load (0.6ms)[0m  [1m[34mSELECT "posts".* FROM "posts" WHERE "posts"."id" = ? LIMIT ?[0m  [["id", 1], ["LIMIT", 1]]
  ↳ app/controllers/posts_controller.rb:67:in `set_post'
  Rendering posts/edit.html.erb within layouts/application
  Rendered posts/_form.html.erb (Duration: 2.4ms | Allocations: 751)
  Rendered posts/edit.html.erb within layouts/application (Duration: 2.8ms | Allocations: 866)
Completed 200 OK in 36ms (Views: 30.9ms | ActiveRecord: 0.6ms | Allocations: 8147)


Started GET "/posts/1" for ::1 at 2019-09-18 17:09:44 +0530
Processing by PostsController#show as HTML
  Parameters: {"id"=>"1"}
  [1m[36mPost Load (0.2ms)[0m  [1m[34mSELECT "posts".* FROM "posts" WHERE "posts"."id" = ? LIMIT ?[0m  [["id", 1], ["LIMIT", 1]]
  ↳ app/controllers/posts_controller.rb:67:in `set_post'
  Rendering posts/show.html.erb within layouts/application
  Rendered posts/show.html.erb within layouts/application (Duration: 1.0ms | Allocations: 273)
Completed 200 OK in 30ms (Views: 25.0ms | ActiveRecord: 0.2ms | Allocations: 7555)


Started GET "/posts" for ::1 at 2019-09-18 17:14:02 +0530
Processing by PostsController#index as HTML
  Rendering posts/index.html.erb within layouts/application
  [1m[36mPost Load (0.4ms)[0m  [1m[34mSELECT "posts".* FROM "posts"[0m
  ↳ app/views/posts/index.html.erb:15
  Rendered posts/index.html.erb within layouts/application (Duration: 4.1ms | Allocations: 1125)
Completed 200 OK in 18ms (Views: 16.3ms | ActiveRecord: 0.4ms | Allocations: 8703)


Started GET "/posts/1" for ::1 at 2019-09-18 17:14:04 +0530
Processing by PostsController#show as HTML
  Parameters: {"id"=>"1"}
  [1m[36mPost Load (0.2ms)[0m  [1m[34mSELECT "posts".* FROM "posts" WHERE "posts"."id" = ? LIMIT ?[0m  [["id", 1], ["LIMIT", 1]]
  ↳ app/controllers/posts_controller.rb:67:in `set_post'
  Rendering posts/show.html.erb within layouts/application
  [1m[36mComment Load (0.4ms)[0m  [1m[34mSELECT "comments".* FROM "comments" WHERE "comments"."post_id" = ?[0m  [["post_id", 1]]
  ↳ app/views/posts/show.html.erb:22
  Rendered posts/show.html.erb within layouts/application (Duration: 41.3ms | Allocations: 11710)
Completed 500 Internal Server Error in 46ms (ActiveRecord: 2.0ms | Allocations: 12791)


  
ActionView::Template::Error (Missing partial comments/_comment with {:locale=>[:en], :formats=>[:html], :variants=>[], :handlers=>[:raw, :erb, :html, :builder, :ruby, :jbuilder]}. Searched in:
  * "/Users/mohammedsalim_ff/Documents/ruby/bloggin/app/views"
  * "/Users/mohammedsalim_ff/.rvm/gems/ruby-2.6.3/gems/actiontext-6.0.0/app/views"
  * "/Users/mohammedsalim_ff/.rvm/gems/ruby-2.6.3/gems/actionmailbox-6.0.0/app/views"
):
    19: <strong>Comments</strong>
    20: 
    21: <div id="comments">
    22:   <%= render @post.comments %>
    23: </div>
    24: 
    25: <div>
  
app/views/posts/show.html.erb:22
Started GET "/posts/1" for ::1 at 2019-09-18 17:14:18 +0530
Processing by PostsController#show as HTML
  Parameters: {"id"=>"1"}
  [1m[36mPost Load (0.3ms)[0m  [1m[34mSELECT "posts".* FROM "posts" WHERE "posts"."id" = ? LIMIT ?[0m  [["id", 1], ["LIMIT", 1]]
  ↳ app/controllers/posts_controller.rb:67:in `set_post'
  Rendering posts/show.html.erb within layouts/application
  [1m[36mComment Load (0.3ms)[0m  [1m[34mSELECT "comments".* FROM "comments" WHERE "comments"."post_id" = ?[0m  [["post_id", 1]]
  ↳ app/views/posts/show.html.erb:22
  Rendered posts/show.html.erb within layouts/application (Duration: 4.9ms | Allocations: 1814)
Completed 500 Internal Server Error in 9ms (ActiveRecord: 0.6ms | Allocations: 2753)


  
ActionView::Template::Error (Missing partial comments/_comment with {:locale=>[:en], :formats=>[:html], :variants=>[], :handlers=>[:raw, :erb, :html, :builder, :ruby, :jbuilder]}. Searched in:
  * "/Users/mohammedsalim_ff/Documents/ruby/bloggin/app/views"
  * "/Users/mohammedsalim_ff/.rvm/gems/ruby-2.6.3/gems/actiontext-6.0.0/app/views"
  * "/Users/mohammedsalim_ff/.rvm/gems/ruby-2.6.3/gems/actionmailbox-6.0.0/app/views"
):
    19: <strong>Comments</strong>
    20: 
    21: <div id="comments">
    22:   <%= render @post.comments %>
    23: </div>
    24: 
    25: <div>
  
app/views/posts/show.html.erb:22
Started GET "/posts/1" for ::1 at 2019-09-18 17:20:48 +0530
  [1m[35m (0.2ms)[0m  [1m[34mSELECT sqlite_version(*)[0m
Processing by PostsController#show as HTML
  Parameters: {"id"=>"1"}
  [1m[36mPost Load (0.4ms)[0m  [1m[34mSELECT "posts".* FROM "posts" WHERE "posts"."id" = ? LIMIT ?[0m  [["id", 1], ["LIMIT", 1]]
  ↳ app/controllers/posts_controller.rb:67:in `set_post'
  Rendering posts/show.html.erb within layouts/application
  [1m[36mComment Load (0.2ms)[0m  [1m[34mSELECT "comments".* FROM "comments" WHERE "comments"."post_id" = ?[0m  [["post_id", 1]]
  ↳ app/views/posts/show.html.erb:22
  Rendered posts/show.html.erb within layouts/application (Duration: 5.2ms | Allocations: 2348)
Completed 500 Internal Server Error in 14ms (ActiveRecord: 0.7ms | Allocations: 4051)


  
ActionView::Template::Error (Missing partial comments/_comment with {:locale=>[:en], :formats=>[:html], :variants=>[], :handlers=>[:raw, :erb, :html, :builder, :ruby, :jbuilder]}. Searched in:
  * "/Users/mohammedsalim_ff/Documents/ruby/bloggin/app/views"
  * "/Users/mohammedsalim_ff/.rvm/gems/ruby-2.6.3/gems/actiontext-6.0.0/app/views"
  * "/Users/mohammedsalim_ff/.rvm/gems/ruby-2.6.3/gems/actionmailbox-6.0.0/app/views"
):
    19: <strong>Comments</strong>
    20: 
    21: <div id="comments">
    22:   <%= render @post.comments %>
    23: </div>
    24: 
    25: <div>
  
app/views/posts/show.html.erb:22
Started GET "/posts" for ::1 at 2019-09-18 17:20:52 +0530
Processing by PostsController#index as HTML
  Rendering posts/index.html.erb within layouts/application
  [1m[36mPost Load (0.4ms)[0m  [1m[34mSELECT "posts".* FROM "posts"[0m
  ↳ app/views/posts/index.html.erb:15
  Rendered posts/index.html.erb within layouts/application (Duration: 3.8ms | Allocations: 1136)
Completed 200 OK in 16ms (Views: 12.9ms | ActiveRecord: 0.4ms | Allocations: 8107)


Started GET "/posts/1" for ::1 at 2019-09-18 17:20:54 +0530
Processing by PostsController#show as HTML
  Parameters: {"id"=>"1"}
  [1m[36mPost Load (0.3ms)[0m  [1m[34mSELECT "posts".* FROM "posts" WHERE "posts"."id" = ? LIMIT ?[0m  [["id", 1], ["LIMIT", 1]]
  ↳ app/controllers/posts_controller.rb:67:in `set_post'
  Rendering posts/show.html.erb within layouts/application
  [1m[36mComment Load (0.2ms)[0m  [1m[34mSELECT "comments".* FROM "comments" WHERE "comments"."post_id" = ?[0m  [["post_id", 1]]
  ↳ app/views/posts/show.html.erb:22
  Rendered posts/show.html.erb within layouts/application (Duration: 5.4ms | Allocations: 1821)
Completed 500 Internal Server Error in 10ms (ActiveRecord: 0.6ms | Allocations: 2761)


  
ActionView::Template::Error (Missing partial comments/_comment with {:locale=>[:en], :formats=>[:html], :variants=>[], :handlers=>[:raw, :erb, :html, :builder, :ruby, :jbuilder]}. Searched in:
  * "/Users/mohammedsalim_ff/Documents/ruby/bloggin/app/views"
  * "/Users/mohammedsalim_ff/.rvm/gems/ruby-2.6.3/gems/actiontext-6.0.0/app/views"
  * "/Users/mohammedsalim_ff/.rvm/gems/ruby-2.6.3/gems/actionmailbox-6.0.0/app/views"
):
    19: <strong>Comments</strong>
    20: 
    21: <div id="comments">
    22:   <%= render @post.comments %>
    23: </div>
    24: 
    25: <div>
  
app/views/posts/show.html.erb:22
Started GET "/posts/1" for ::1 at 2019-09-18 17:26:37 +0530
Processing by PostsController#show as HTML
  Parameters: {"id"=>"1"}
  [1m[36mPost Load (0.2ms)[0m  [1m[34mSELECT "posts".* FROM "posts" WHERE "posts"."id" = ? LIMIT ?[0m  [["id", 1], ["LIMIT", 1]]
  ↳ app/controllers/posts_controller.rb:67:in `set_post'
  Rendering posts/show.html.erb within layouts/application
  [1m[36mComment Load (0.3ms)[0m  [1m[34mSELECT "comments".* FROM "comments" WHERE "comments"."post_id" = ?[0m  [["post_id", 1]]
  ↳ app/views/posts/show.html.erb:22
  Rendered collection of comments/_comment.html.erb [1 times] (Duration: 8.9ms | Allocations: 3781)
  Rendered posts/show.html.erb within layouts/application (Duration: 14.8ms | Allocations: 5053)
Completed 500 Internal Server Error in 20ms (ActiveRecord: 0.4ms | Allocations: 6739)


  
ActionView::Template::Error (undefined method `createed_at' for #<Comment:0x00007fce4b2120e8>
Did you mean?  created_at
               created_at=
               created_at?):
    1: <p>
    2:     <%= comment.body %> -- <%= comment.createed_at.to_s(:long) %>
    3: </p>
  
app/views/comments/_comment.html.erb:2
app/views/posts/show.html.erb:22
Started GET "/posts/1" for ::1 at 2019-09-18 17:26:47 +0530
Processing by PostsController#show as HTML
  Parameters: {"id"=>"1"}
  [1m[36mPost Load (0.2ms)[0m  [1m[34mSELECT "posts".* FROM "posts" WHERE "posts"."id" = ? LIMIT ?[0m  [["id", 1], ["LIMIT", 1]]
  ↳ app/controllers/posts_controller.rb:67:in `set_post'
  Rendering posts/show.html.erb within layouts/application
  [1m[36mComment Load (0.2ms)[0m  [1m[34mSELECT "comments".* FROM "comments" WHERE "comments"."post_id" = ?[0m  [["post_id", 1]]
  ↳ app/views/posts/show.html.erb:22
  Rendered collection of comments/_comment.html.erb [1 times] (Duration: 1.1ms | Allocations: 155)
  Rendered posts/show.html.erb within layouts/application (Duration: 34.3ms | Allocations: 2686)
Completed 500 Internal Server Error in 59ms (ActiveRecord: 0.4ms | Allocations: 4372)


  
ActionView::Template::Error (Missing partial comment/_new with {:locale=>[:en], :formats=>[:html], :variants=>[], :handlers=>[:raw, :erb, :html, :builder, :ruby, :jbuilder]}. Searched in:
  * "/Users/mohammedsalim_ff/Documents/ruby/bloggin/app/views"
  * "/Users/mohammedsalim_ff/.rvm/gems/ruby-2.6.3/gems/actiontext-6.0.0/app/views"
  * "/Users/mohammedsalim_ff/.rvm/gems/ruby-2.6.3/gems/actionmailbox-6.0.0/app/views"
):
    23: </div>
    24: 
    25: <div>
    26:   <%= render 'comment/new', post: @post %>
    27: </div>
  
app/views/posts/show.html.erb:26
Started GET "/posts/1" for ::1 at 2019-09-18 17:27:25 +0530
Processing by PostsController#show as HTML
  Parameters: {"id"=>"1"}
  [1m[36mPost Load (0.3ms)[0m  [1m[34mSELECT "posts".* FROM "posts" WHERE "posts"."id" = ? LIMIT ?[0m  [["id", 1], ["LIMIT", 1]]
  ↳ app/controllers/posts_controller.rb:67:in `set_post'
  Rendering posts/show.html.erb within layouts/application
  [1m[36mComment Load (0.2ms)[0m  [1m[34mSELECT "comments".* FROM "comments" WHERE "comments"."post_id" = ?[0m  [["post_id", 1]]
  ↳ app/views/posts/show.html.erb:22
  Rendered collection of comments/_comment.html.erb [1 times] (Duration: 0.5ms | Allocations: 154)
  Rendered comments/_new.html.erb (Duration: 216.4ms | Allocations: 77674)
  Rendered posts/show.html.erb within layouts/application (Duration: 221.1ms | Allocations: 79309)
Completed 500 Internal Server Error in 227ms (ActiveRecord: 0.4ms | Allocations: 80997)


  
ActionView::Template::Error (undefined method `textarea' for #<ActionView::Helpers::FormBuilder:0x00007fce4bc0ae60>
Did you mean?  text_area):
    1: <%= form_for([ @post, Comment.new ], remote: true) do |form| %>
    2:     Your comments pls:::
    3:     <%= form.textarea :body, size: '50x20' %><br>
    4:     <%= form.submit %>
    5: <% end %>
  
app/views/comments/_new.html.erb:3
app/views/comments/_new.html.erb:1
app/views/posts/show.html.erb:26
Started GET "/posts/1" for ::1 at 2019-09-18 17:27:52 +0530
Processing by PostsController#show as HTML
  Parameters: {"id"=>"1"}
  [1m[36mPost Load (0.2ms)[0m  [1m[34mSELECT "posts".* FROM "posts" WHERE "posts"."id" = ? LIMIT ?[0m  [["id", 1], ["LIMIT", 1]]
  ↳ app/controllers/posts_controller.rb:67:in `set_post'
  Rendering posts/show.html.erb within layouts/application
  [1m[36mComment Load (0.2ms)[0m  [1m[34mSELECT "comments".* FROM "comments" WHERE "comments"."post_id" = ?[0m  [["post_id", 1]]
  ↳ app/views/posts/show.html.erb:22
  Rendered collection of comments/_comment.html.erb [1 times] (Duration: 0.8ms | Allocations: 154)
  Rendered comments/_new.html.erb (Duration: 1.6ms | Allocations: 501)
  Rendered posts/show.html.erb within layouts/application (Duration: 8.1ms | Allocations: 2132)
Completed 200 OK in 44ms (Views: 39.2ms | ActiveRecord: 0.5ms | Allocations: 10209)


Started GET "/posts/1" for ::1 at 2019-09-18 17:31:17 +0530
Processing by PostsController#show as HTML
  Parameters: {"id"=>"1"}
  [1m[36mPost Load (0.2ms)[0m  [1m[34mSELECT "posts".* FROM "posts" WHERE "posts"."id" = ? LIMIT ?[0m  [["id", 1], ["LIMIT", 1]]
  ↳ app/controllers/posts_controller.rb:67:in `set_post'
  Rendering posts/show.html.erb within layouts/application
  [1m[36mComment Load (0.2ms)[0m  [1m[34mSELECT "comments".* FROM "comments" WHERE "comments"."post_id" = ?[0m  [["post_id", 1]]
  ↳ app/views/posts/show.html.erb:22
  Rendered collection of comments/_comment.html.erb [1 times] (Duration: 0.5ms | Allocations: 154)
  Rendered comments/_new.html.erb (Duration: 1.0ms | Allocations: 484)
  Rendered posts/show.html.erb within layouts/application (Duration: 5.9ms | Allocations: 2113)
Completed 200 OK in 22ms (Views: 19.4ms | ActiveRecord: 0.4ms | Allocations: 10184)


Started GET "/posts/1" for ::1 at 2019-09-18 17:31:23 +0530
Processing by PostsController#show as HTML
  Parameters: {"id"=>"1"}
  [1m[36mPost Load (0.2ms)[0m  [1m[34mSELECT "posts".* FROM "posts" WHERE "posts"."id" = ? LIMIT ?[0m  [["id", 1], ["LIMIT", 1]]
  ↳ app/controllers/posts_controller.rb:67:in `set_post'
  Rendering posts/show.html.erb within layouts/application
  [1m[36mComment Load (0.3ms)[0m  [1m[34mSELECT "comments".* FROM "comments" WHERE "comments"."post_id" = ?[0m  [["post_id", 1]]
  ↳ app/views/posts/show.html.erb:22
  Rendered collection of comments/_comment.html.erb [1 times] (Duration: 0.8ms | Allocations: 154)
  Rendered comments/_new.html.erb (Duration: 1.7ms | Allocations: 484)
  Rendered posts/show.html.erb within layouts/application (Duration: 8.1ms | Allocations: 2113)
Completed 200 OK in 25ms (Views: 20.9ms | ActiveRecord: 0.5ms | Allocations: 10181)


Started GET "/posts/1" for ::1 at 2019-09-18 17:31:32 +0530
Processing by PostsController#show as HTML
  Parameters: {"id"=>"1"}
  [1m[36mPost Load (0.2ms)[0m  [1m[34mSELECT "posts".* FROM "posts" WHERE "posts"."id" = ? LIMIT ?[0m  [["id", 1], ["LIMIT", 1]]
  ↳ app/controllers/posts_controller.rb:67:in `set_post'
  Rendering posts/show.html.erb within layouts/application
  [1m[36mComment Load (0.2ms)[0m  [1m[34mSELECT "comments".* FROM "comments" WHERE "comments"."post_id" = ?[0m  [["post_id", 1]]
  ↳ app/views/posts/show.html.erb:22
  Rendered collection of comments/_comment.html.erb [1 times] (Duration: 0.6ms | Allocations: 154)
  Rendered comments/_new.html.erb (Duration: 1.5ms | Allocations: 484)
  Rendered posts/show.html.erb within layouts/application (Duration: 7.9ms | Allocations: 2113)
Completed 200 OK in 25ms (Views: 22.0ms | ActiveRecord: 0.4ms | Allocations: 10185)


Started POST "/posts/1/comments" for ::1 at 2019-09-18 17:31:52 +0530
  
AbstractController::ActionNotFound (The action 'create' could not be found for CommentsController):
  
actionpack (6.0.0) lib/abstract_controller/base.rb:131:in `process'
actionview (6.0.0) lib/action_view/rendering.rb:39:in `process'
actionpack (6.0.0) lib/action_controller/metal.rb:191:in `dispatch'
actionpack (6.0.0) lib/action_controller/metal.rb:252:in `dispatch'
actionpack (6.0.0) lib/action_dispatch/routing/route_set.rb:51:in `dispatch'
actionpack (6.0.0) lib/action_dispatch/routing/route_set.rb:33:in `serve'
actionpack (6.0.0) lib/action_dispatch/journey/router.rb:49:in `block in serve'
actionpack (6.0.0) lib/action_dispatch/journey/router.rb:32:in `each'
actionpack (6.0.0) lib/action_dispatch/journey/router.rb:32:in `serve'
actionpack (6.0.0) lib/action_dispatch/routing/route_set.rb:837:in `call'
rack (2.0.7) lib/rack/tempfile_reaper.rb:15:in `call'
rack (2.0.7) lib/rack/etag.rb:25:in `call'
rack (2.0.7) lib/rack/conditional_get.rb:38:in `call'
rack (2.0.7) lib/rack/head.rb:12:in `call'
actionpack (6.0.0) lib/action_dispatch/http/content_security_policy.rb:18:in `call'
rack (2.0.7) lib/rack/session/abstract/id.rb:232:in `context'
rack (2.0.7) lib/rack/session/abstract/id.rb:226:in `call'
actionpack (6.0.0) lib/action_dispatch/middleware/cookies.rb:648:in `call'
activerecord (6.0.0) lib/active_record/migration.rb:567:in `call'
actionpack (6.0.0) lib/action_dispatch/middleware/callbacks.rb:27:in `block in call'
activesupport (6.0.0) lib/active_support/callbacks.rb:101:in `run_callbacks'
actionpack (6.0.0) lib/action_dispatch/middleware/callbacks.rb:26:in `call'
actionpack (6.0.0) lib/action_dispatch/middleware/executor.rb:14:in `call'
actionpack (6.0.0) lib/action_dispatch/middleware/actionable_exceptions.rb:17:in `call'
actionpack (6.0.0) lib/action_dispatch/middleware/debug_exceptions.rb:32:in `call'
web-console (4.0.1) lib/web_console/middleware.rb:132:in `call_app'
web-console (4.0.1) lib/web_console/middleware.rb:28:in `block in call'
web-console (4.0.1) lib/web_console/middleware.rb:17:in `catch'
web-console (4.0.1) lib/web_console/middleware.rb:17:in `call'
actionpack (6.0.0) lib/action_dispatch/middleware/show_exceptions.rb:33:in `call'
railties (6.0.0) lib/rails/rack/logger.rb:38:in `call_app'
railties (6.0.0) lib/rails/rack/logger.rb:26:in `block in call'
activesupport (6.0.0) lib/active_support/tagged_logging.rb:80:in `block in tagged'
activesupport (6.0.0) lib/active_support/tagged_logging.rb:28:in `tagged'
activesupport (6.0.0) lib/active_support/tagged_logging.rb:80:in `tagged'
railties (6.0.0) lib/rails/rack/logger.rb:26:in `call'
sprockets-rails (3.2.1) lib/sprockets/rails/quiet_assets.rb:13:in `call'
actionpack (6.0.0) lib/action_dispatch/middleware/remote_ip.rb:81:in `call'
actionpack (6.0.0) lib/action_dispatch/middleware/request_id.rb:27:in `call'
rack (2.0.7) lib/rack/method_override.rb:22:in `call'
rack (2.0.7) lib/rack/runtime.rb:22:in `call'
activesupport (6.0.0) lib/active_support/cache/strategy/local_cache_middleware.rb:29:in `call'
actionpack (6.0.0) lib/action_dispatch/middleware/executor.rb:14:in `call'
actionpack (6.0.0) lib/action_dispatch/middleware/static.rb:126:in `call'
rack (2.0.7) lib/rack/sendfile.rb:111:in `call'
actionpack (6.0.0) lib/action_dispatch/middleware/host_authorization.rb:83:in `call'
webpacker (4.0.7) lib/webpacker/dev_server_proxy.rb:29:in `perform_request'
rack-proxy (0.6.5) lib/rack/proxy.rb:57:in `call'
railties (6.0.0) lib/rails/engine.rb:526:in `call'
puma (3.12.1) lib/puma/configuration.rb:227:in `call'
puma (3.12.1) lib/puma/server.rb:660:in `handle_request'
puma (3.12.1) lib/puma/server.rb:474:in `process_client'
puma (3.12.1) lib/puma/server.rb:334:in `block in run'
puma (3.12.1) lib/puma/thread_pool.rb:135:in `block in spawn_thread'
Started POST "/posts/1/comments" for ::1 at 2019-09-18 17:31:53 +0530
  
AbstractController::ActionNotFound (The action 'create' could not be found for CommentsController):
  
actionpack (6.0.0) lib/abstract_controller/base.rb:131:in `process'
actionview (6.0.0) lib/action_view/rendering.rb:39:in `process'
actionpack (6.0.0) lib/action_controller/metal.rb:191:in `dispatch'
actionpack (6.0.0) lib/action_controller/metal.rb:252:in `dispatch'
actionpack (6.0.0) lib/action_dispatch/routing/route_set.rb:51:in `dispatch'
actionpack (6.0.0) lib/action_dispatch/routing/route_set.rb:33:in `serve'
actionpack (6.0.0) lib/action_dispatch/journey/router.rb:49:in `block in serve'
actionpack (6.0.0) lib/action_dispatch/journey/router.rb:32:in `each'
actionpack (6.0.0) lib/action_dispatch/journey/router.rb:32:in `serve'
actionpack (6.0.0) lib/action_dispatch/routing/route_set.rb:837:in `call'
rack (2.0.7) lib/rack/tempfile_reaper.rb:15:in `call'
rack (2.0.7) lib/rack/etag.rb:25:in `call'
rack (2.0.7) lib/rack/conditional_get.rb:38:in `call'
rack (2.0.7) lib/rack/head.rb:12:in `call'
actionpack (6.0.0) lib/action_dispatch/http/content_security_policy.rb:18:in `call'
rack (2.0.7) lib/rack/session/abstract/id.rb:232:in `context'
rack (2.0.7) lib/rack/session/abstract/id.rb:226:in `call'
actionpack (6.0.0) lib/action_dispatch/middleware/cookies.rb:648:in `call'
activerecord (6.0.0) lib/active_record/migration.rb:567:in `call'
actionpack (6.0.0) lib/action_dispatch/middleware/callbacks.rb:27:in `block in call'
activesupport (6.0.0) lib/active_support/callbacks.rb:101:in `run_callbacks'
actionpack (6.0.0) lib/action_dispatch/middleware/callbacks.rb:26:in `call'
actionpack (6.0.0) lib/action_dispatch/middleware/executor.rb:14:in `call'
actionpack (6.0.0) lib/action_dispatch/middleware/actionable_exceptions.rb:17:in `call'
actionpack (6.0.0) lib/action_dispatch/middleware/debug_exceptions.rb:32:in `call'
web-console (4.0.1) lib/web_console/middleware.rb:132:in `call_app'
web-console (4.0.1) lib/web_console/middleware.rb:28:in `block in call'
web-console (4.0.1) lib/web_console/middleware.rb:17:in `catch'
web-console (4.0.1) lib/web_console/middleware.rb:17:in `call'
actionpack (6.0.0) lib/action_dispatch/middleware/show_exceptions.rb:33:in `call'
railties (6.0.0) lib/rails/rack/logger.rb:38:in `call_app'
railties (6.0.0) lib/rails/rack/logger.rb:26:in `block in call'
activesupport (6.0.0) lib/active_support/tagged_logging.rb:80:in `block in tagged'
activesupport (6.0.0) lib/active_support/tagged_logging.rb:28:in `tagged'
activesupport (6.0.0) lib/active_support/tagged_logging.rb:80:in `tagged'
railties (6.0.0) lib/rails/rack/logger.rb:26:in `call'
sprockets-rails (3.2.1) lib/sprockets/rails/quiet_assets.rb:13:in `call'
actionpack (6.0.0) lib/action_dispatch/middleware/remote_ip.rb:81:in `call'
actionpack (6.0.0) lib/action_dispatch/middleware/request_id.rb:27:in `call'
rack (2.0.7) lib/rack/method_override.rb:22:in `call'
rack (2.0.7) lib/rack/runtime.rb:22:in `call'
activesupport (6.0.0) lib/active_support/cache/strategy/local_cache_middleware.rb:29:in `call'
actionpack (6.0.0) lib/action_dispatch/middleware/executor.rb:14:in `call'
actionpack (6.0.0) lib/action_dispatch/middleware/static.rb:126:in `call'
rack (2.0.7) lib/rack/sendfile.rb:111:in `call'
actionpack (6.0.0) lib/action_dispatch/middleware/host_authorization.rb:83:in `call'
webpacker (4.0.7) lib/webpacker/dev_server_proxy.rb:29:in `perform_request'
rack-proxy (0.6.5) lib/rack/proxy.rb:57:in `call'
railties (6.0.0) lib/rails/engine.rb:526:in `call'
puma (3.12.1) lib/puma/configuration.rb:227:in `call'
puma (3.12.1) lib/puma/server.rb:660:in `handle_request'
puma (3.12.1) lib/puma/server.rb:474:in `process_client'
puma (3.12.1) lib/puma/server.rb:334:in `block in run'
puma (3.12.1) lib/puma/thread_pool.rb:135:in `block in spawn_thread'
Started POST "/posts/1/comments" for ::1 at 2019-09-18 17:35:34 +0530
  [1m[35m (0.1ms)[0m  [1m[34mSELECT sqlite_version(*)[0m
Processing by CommentsController#create as JS
  Parameters: {"comment"=>{"body"=>"somethin exciting about rails"}, "commit"=>"Create Comment", "post_id"=>"1"}
  [1m[36mPost Load (0.3ms)[0m  [1m[34mSELECT "posts".* FROM "posts" WHERE "posts"."id" = ? LIMIT ?[0m  [["id", 1], ["LIMIT", 1]]
  ↳ app/controllers/comments_controller.rb:11:in `set_post'
  [1m[35m (0.1ms)[0m  [1m[36mbegin transaction[0m
  ↳ app/controllers/comments_controller.rb:5:in `create'
  [1m[36mComment Create (0.5ms)[0m  [1m[32mINSERT INTO "comments" ("post_id", "body", "created_at", "updated_at") VALUES (?, ?, ?, ?)[0m  [["post_id", 1], ["body", "somethin exciting about rails"], ["created_at", "2019-09-18 12:05:34.778691"], ["updated_at", "2019-09-18 12:05:34.778691"]]
  ↳ app/controllers/comments_controller.rb:5:in `create'
  [1m[35m (1.5ms)[0m  [1m[36mcommit transaction[0m
  ↳ app/controllers/comments_controller.rb:5:in `create'
Redirected to http://localhost:3000/posts/1
Completed 200 OK in 33ms (ActiveRecord: 4.5ms | Allocations: 12060)


Started GET "/posts/1" for ::1 at 2019-09-18 17:35:34 +0530
Processing by PostsController#show as HTML
  Parameters: {"id"=>"1"}
  [1m[36mPost Load (0.2ms)[0m  [1m[34mSELECT "posts".* FROM "posts" WHERE "posts"."id" = ? LIMIT ?[0m  [["id", 1], ["LIMIT", 1]]
  ↳ app/controllers/posts_controller.rb:67:in `set_post'
  Rendering posts/show.html.erb within layouts/application
  [1m[36mComment Load (0.3ms)[0m  [1m[34mSELECT "comments".* FROM "comments" WHERE "comments"."post_id" = ?[0m  [["post_id", 1]]
  ↳ app/views/posts/show.html.erb:22
  Rendered collection of comments/_comment.html.erb [2 times] (Duration: 2.3ms | Allocations: 72)
  Rendered comments/_new.html.erb (Duration: 1.6ms | Allocations: 386)
  Rendered posts/show.html.erb within layouts/application (Duration: 8.4ms | Allocations: 1640)
Completed 200 OK in 69ms (Views: 65.8ms | ActiveRecord: 0.6ms | Allocations: 8994)


